<?xml version="1.0" encoding="UTF-8"?>
<!-- Generated by org.testng.reporters.JUnitReportReporter -->
<testsuite hostname="DESKTOP-69BHCVS" failures="0" tests="2" name="admin.ManageProductTest" time="10.001" errors="0" timestamp="2024-01-19T17:50:40 IST" skipped="0">
  <testcase classname="admin.ManageProductTest" name="manageProductTest" time="2.984"/>
  <system-out>
    <![CDATA[manageProductTest Execution started 
manageProductTest Executed successfully ]]>
  </system-out>
  <testcase classname="admin.ManageProductTest" name="manageProductTest" time="7.017"/>
  <system-out>
    <![CDATA[manageProductTest Execution started 
manageProductTest Executed successfully ]]>
  </system-out>
</testsuite> <!-- admin.ManageProductTest -->
