<?xml version="1.0" encoding="UTF-8"?>
<!-- Generated by org.testng.reporters.JUnitReportReporter -->
<testsuite hostname="DESKTOP-69BHCVS" failures="0" tests="2" name="com.TestNG.AnnotationTest" time="0.012" errors="0" timestamp="2024-01-17T13:17:16 IST" skipped="0">
  <testcase classname="com.TestNG.AnnotationTest" name="runnTest" time="0.006"/>
  <system-out/>
  <testcase classname="com.TestNG.AnnotationTest" name="demoTest" time="0.006"/>
  <system-out/>
</testsuite> <!-- com.TestNG.AnnotationTest -->
