<?xml version="1.0" encoding="UTF-8"?>
<!-- Generated by org.testng.reporters.JUnitReportReporter -->
<testsuite hostname="DESKTOP-69BHCVS" failures="0" tests="4" name="PracticePackage.MavenComaandTest" time="5.729" errors="0" timestamp="2024-01-18T17:03:43 IST" skipped="0">
  <testcase classname="PracticePackage.MavenComaandTest" name="mavenCommandTest" time="0.010"/>
  <system-out/>
  <testcase classname="PracticePackage.MavenComaandTest" name="displayTest" time="0.026"/>
  <system-out/>
  <testcase classname="PracticePackage.MavenComaandTest" name="writeTest" time="0.002"/>
  <system-out/>
  <testcase classname="PracticePackage.MavenComaandTest" name="readTest" time="5.691"/>
  <system-out/>
</testsuite> <!-- PracticePackage.MavenComaandTest -->
