<?xml version="1.0" encoding="UTF-8"?>
<!-- Generated by org.testng.reporters.JUnitReportReporter -->
<testsuite hostname="DESKTOP-69BHCVS" failures="0" tests="1" name="admin.WishlistToCartTest" time="54.832" errors="0" timestamp="2024-01-19T17:50:41 IST" skipped="0">
  <testcase classname="admin.WishlistToCartTest" name="wishlistToCartTest" time="54.832"/>
  <system-out>
    <![CDATA[wishlistToCartTest Execution started 
wishlistToCartTest Executed successfully ]]>
  </system-out>
</testsuite> <!-- admin.WishlistToCartTest -->
