<?xml version="1.0" encoding="UTF-8"?>
<!-- Generated by org.testng.reporters.JUnitReportReporter -->
<testsuite hostname="DESKTOP-69BHCVS" failures="0" tests="2" name="com.TestNG.BDemoTest" time="0.031" errors="0" timestamp="2024-01-23T15:28:04 IST" skipped="0">
  <testcase classname="com.TestNG.BDemoTest" name="sample2Test" time="0.023"/>
  <system-out/>
  <testcase classname="com.TestNG.BDemoTest" name="sample3Test" time="0.008"/>
  <system-out/>
</testsuite> <!-- com.TestNG.BDemoTest -->
