<?xml version="1.0" encoding="UTF-8"?>
<!-- Generated by org.testng.reporters.JUnitReportReporter -->
<testsuite hostname="DESKTOP-69BHCVS" failures="0" tests="4" name="com.TestNG.DemoTest" time="0.027" errors="0" timestamp="2024-01-23T15:28:04 IST" skipped="0">
  <testcase classname="com.TestNG.DemoTest" name="demo3Test" time="0.003"/>
  <system-out/>
  <testcase classname="com.TestNG.DemoTest" name="demo1Test" time="0.019"/>
  <system-out/>
  <testcase classname="com.TestNG.DemoTest" name="demo4Test" time="0.002"/>
  <system-out/>
  <testcase classname="com.TestNG.DemoTest" name="demo2Test" time="0.003"/>
  <system-out/>
</testsuite> <!-- com.TestNG.DemoTest -->
