<?xml version="1.0" encoding="UTF-8"?>
<!-- Generated by org.testng.reporters.JUnitReportReporter -->
<testsuite hostname="DESKTOP-69BHCVS" failures="0" tests="6" name="com.TestNG.DataProviderTest" time="0.027" errors="0" timestamp="2024-01-16T16:57:15 IST" skipped="0">
  <testcase classname="com.TestNG.DataProviderTest" name="productTest" time="0.003"/>
  <system-out/>
  <testcase classname="com.TestNG.DataProviderTest" name="productTest" time="0.002"/>
  <system-out/>
  <testcase classname="com.TestNG.DataProviderTest" name="displayTest" time="0.014"/>
  <system-out/>
  <testcase classname="com.TestNG.DataProviderTest" name="displayTest" time="0.002"/>
  <system-out/>
  <testcase classname="com.TestNG.DataProviderTest" name="displayTest" time="0.003"/>
  <system-out/>
  <testcase classname="com.TestNG.DataProviderTest" name="productTest" time="0.003"/>
  <system-out/>
</testsuite> <!-- com.TestNG.DataProviderTest -->
