<?xml version="1.0" encoding="UTF-8"?>
<!-- Generated by org.testng.reporters.JUnitReportReporter -->
<testsuite hostname="DESKTOP-69BHCVS" failures="0" tests="4" name="com.TestNG.SampleTest" time="0.061" errors="0" timestamp="2024-01-23T15:28:04 IST" skipped="0">
  <testcase classname="com.TestNG.SampleTest" name="sample3Test" time="0.002"/>
  <system-out/>
  <testcase classname="com.TestNG.SampleTest" name="sample1Test" time="0.023"/>
  <system-out/>
  <testcase classname="com.TestNG.SampleTest" name="sample4Test" time="0.003"/>
  <system-out/>
  <testcase classname="com.TestNG.SampleTest" name="sample2Test" time="0.033"/>
  <system-out/>
</testsuite> <!-- com.TestNG.SampleTest -->
