<?xml version="1.0" encoding="UTF-8"?>
<!-- Generated by org.testng.reporters.JUnitReportReporter -->
<testsuite hostname="DESKTOP-69BHCVS" failures="0" tests="1" name="admin.TrackUserLoginTest" time="34.985" errors="0" timestamp="2024-01-19T17:50:40 IST" skipped="0">
  <testcase classname="admin.TrackUserLoginTest" name="trackUserLoginTest" time="34.985"/>
  <system-out>
    <![CDATA[trackUserLoginTest Execution started 
trackUserLoginTest Executed successfully ]]>
  </system-out>
</testsuite> <!-- admin.TrackUserLoginTest -->
