<?xml version="1.0" encoding="UTF-8"?>
<!-- Generated by org.testng.reporters.JUnitReportReporter -->
<testsuite hostname="DESKTOP-69BHCVS" failures="0" tests="6" name="com.TestNG.DdtWithDataProviderTest" time="0.059" errors="0" timestamp="2024-01-16T18:13:53 IST" skipped="0">
  <testcase classname="com.TestNG.DdtWithDataProviderTest" name="readFromExcel" time="0.008"/>
  <system-out/>
  <testcase classname="com.TestNG.DdtWithDataProviderTest" name="readFromExcel" time="0.008"/>
  <system-out/>
  <testcase classname="com.TestNG.DdtWithDataProviderTest" name="readFromExcel" time="0.015"/>
  <system-out/>
  <testcase classname="com.TestNG.DdtWithDataProviderTest" name="readFromExcel" time="0.012"/>
  <system-out/>
  <testcase classname="com.TestNG.DdtWithDataProviderTest" name="readFromExcel" time="0.004"/>
  <system-out/>
  <testcase classname="com.TestNG.DdtWithDataProviderTest" name="readFromExcel" time="0.012"/>
  <system-out/>
</testsuite> <!-- com.TestNG.DdtWithDataProviderTest -->
