<?xml version="1.0" encoding="UTF-8"?>
<!-- Generated by org.testng.reporters.JUnitReportReporter -->
<testsuite hostname="DESKTOP-69BHCVS" failures="0" tests="2" name="com.TestNG.ADemoTest" time="0.026" errors="0" timestamp="2024-01-23T15:28:04 IST" skipped="0">
  <testcase classname="com.TestNG.ADemoTest" name="demo1Test" time="0.023"/>
  <system-out/>
  <testcase classname="com.TestNG.ADemoTest" name="demo2Test" time="0.003"/>
  <system-out/>
</testsuite> <!-- com.TestNG.ADemoTest -->
